<?xml version="1.0" encoding="UTF-8"?>
<!-- Generated by org.testng.reporters.JUnitReportReporter -->
<testsuite hostname="BIKRAM-PC" failures="0" tests="3" name="com.orangehrm.test.LoginTest" time="12.190" errors="0" timestamp="03 Jun 2021 17:49:34 GMT" skipped="2">
  <testcase classname="com.orangehrm.test.LoginTest" name="login" time="12.190"/>
  <testcase classname="com.orangehrm.test.LoginTest" name="invalid_pass">
    <skipped/>
  </testcase> <!-- invalid_pass -->
  <testcase classname="com.orangehrm.test.LoginTest" name="login_invalid_text">
    <skipped/>
  </testcase> <!-- login_invalid_text -->
</testsuite> <!-- com.orangehrm.test.LoginTest -->
